<?xml version="1.0" encoding="UTF-8"?>
<testng-results skipped="0" failed="0" ignored="0" total="1" passed="1">
  <reporter-output>
  </reporter-output>
  <suite name="Suite" duration-ms="8795" started-at="2018-02-22T00:23:17Z" finished-at="2018-02-22T00:23:26Z">
    <groups>
    </groups>
    <test name="Test" duration-ms="8795" started-at="2018-02-22T00:23:17Z" finished-at="2018-02-22T00:23:26Z">
      <class name="Test.Selenium_Jenkins_Integration">
        <test-method status="PASS" signature="setUp()[pri:0, instance:Test.Selenium_Jenkins_Integration@724af044]" name="setUp" is-config="true" duration-ms="6138" started-at="2018-02-22T00:23:17Z" finished-at="2018-02-22T00:23:23Z">
          <reporter-output>
          </reporter-output>
        </test-method> <!-- setUp -->
        <test-method status="PASS" signature="test()[pri:0, instance:Test.Selenium_Jenkins_Integration@724af044]" name="test" duration-ms="1920" started-at="2018-02-22T00:23:23Z" finished-at="2018-02-22T00:23:25Z">
          <reporter-output>
          </reporter-output>
        </test-method> <!-- test -->
        <test-method status="PASS" signature="tearDown()[pri:0, instance:Test.Selenium_Jenkins_Integration@724af044]" name="tearDown" is-config="true" duration-ms="694" started-at="2018-02-22T00:23:25Z" finished-at="2018-02-22T00:23:26Z">
          <reporter-output>
          </reporter-output>
        </test-method> <!-- tearDown -->
      </class> <!-- Test.Selenium_Jenkins_Integration -->
    </test> <!-- Test -->
  </suite> <!-- Suite -->
</testng-results>
