<?xml version="1.0" encoding="UTF-8"?>
<testng-results skipped="0" failed="0" ignored="0" total="1" passed="1">
  <reporter-output>
  </reporter-output>
  <suite name="Default suite" duration-ms="9078" started-at="2018-02-21T21:43:49Z" finished-at="2018-02-21T21:43:58Z">
    <groups>
    </groups>
    <test name="Default test" duration-ms="9078" started-at="2018-02-21T21:43:49Z" finished-at="2018-02-21T21:43:58Z">
      <class name="Test.Selenium_Jenkins_Integration">
        <test-method status="PASS" signature="setUp()[pri:0, instance:Test.Selenium_Jenkins_Integration@724af044]" name="setUp" is-config="true" duration-ms="6454" started-at="2018-02-21T21:43:49Z" finished-at="2018-02-21T21:43:55Z">
          <reporter-output>
          </reporter-output>
        </test-method> <!-- setUp -->
        <test-method status="PASS" signature="test()[pri:0, instance:Test.Selenium_Jenkins_Integration@724af044]" name="test" duration-ms="1868" started-at="2018-02-21T21:43:55Z" finished-at="2018-02-21T21:43:57Z">
          <reporter-output>
          </reporter-output>
        </test-method> <!-- test -->
        <test-method status="PASS" signature="tearDown()[pri:0, instance:Test.Selenium_Jenkins_Integration@724af044]" name="tearDown" is-config="true" duration-ms="691" started-at="2018-02-21T21:43:57Z" finished-at="2018-02-21T21:43:58Z">
          <reporter-output>
          </reporter-output>
        </test-method> <!-- tearDown -->
      </class> <!-- Test.Selenium_Jenkins_Integration -->
    </test> <!-- Default test -->
  </suite> <!-- Default suite -->
</testng-results>
